<?xml version="1.0" encoding="utf-8"?>
<TestRun id="ad6a2be3-d66d-4bfc-852e-1291fcaf4dd8" name="@dprai 2022-09-25 20:33:01" xmlns="http://microsoft.com/schemas/VisualStudio/TeamTest/2010">
  <Times creation="2022-09-25T20:33:01.6508683+02:00" queuing="2022-09-25T20:33:01.6508684+02:00" start="2022-09-25T20:33:00.5475012+02:00" finish="2022-09-25T20:33:01.6512309+02:00" />
  <TestSettings name="default" id="e30d6120-e37c-43e1-b84e-a21ce8b8e4e1">
    <Deployment runDeploymentRoot="_dprai_2022-09-25_20_33_01" />
  </TestSettings>
  <TestLists>
    <TestList name="Results Not in a List" id="8c84fa94-04c1-424b-9868-57a2d4851a1d" />
    <TestList name="All Loaded Results" id="19431567-8539-422a-85d7-44ee4e166bda" />
  </TestLists>
  <ResultSummary outcome="Completed">
    <Counters total="0" executed="0" passed="0" failed="0" error="0" timeout="0" aborted="0" inconclusive="0" passedButRunAborted="0" notRunnable="0" notExecuted="0" disconnected="0" warning="0" completed="0" inProgress="0" pending="0" />
    <Output>
      <StdOut>[xUnit.net 00:00:00.00] xUnit.net VSTest Adapter v2.4.3+1b45f5407b (64-bit .NET 6.0.2)
[xUnit.net 00:00:00.53]   Discovering: Falco.Htmx.Tests
[xUnit.net 00:00:00.56]   Discovered:  Falco.Htmx.Tests
[xUnit.net 00:00:00.57]   Starting:    Falco.Htmx.Tests
[xUnit.net 00:00:00.58]   Finished:    Falco.Htmx.Tests
</StdOut>
    </Output>
    <RunInfos>
      <RunInfo computerName="dprai" outcome="Warning" timestamp="2022-09-25T20:33:01.5808230+02:00">
        <Text>No test matches the given testcase filter `(FullyQualifiedName=Falco.Htmx.Tests.Htmx.renders div with hx-get attribute containing given url)|(FullyQualifiedName=Falco.Htmx.Tests.Htmx.renders div with hx-post attribute containing given url)|(FullyQualifiedName=Falco.Htmx.Tests.Htmx.renders div with ...` in /home/dprai/coding/open-source/forks/Falco/Falco.Htmx/tests/Falco.Htmx.Tests/bin/Debug/net6.0/Falco.Htmx.Tests.dll</Text>
      </RunInfo>
    </RunInfos>
  </ResultSummary>
</TestRun>